TN:
SF:src/database.js
FN:4,(anonymous_0)
FN:14,(anonymous_1)
FN:18,(anonymous_2)
FN:23,(anonymous_3)
FN:32,(anonymous_4)
FN:226,(anonymous_5)
FN:231,(anonymous_6)
FN:236,(anonymous_7)
FN:247,(anonymous_8)
FN:252,(anonymous_9)
FN:256,(anonymous_10)
FN:260,(anonymous_11)
FN:266,(anonymous_12)
FN:271,(anonymous_13)
FN:281,(anonymous_14)
FN:292,(anonymous_15)
FN:300,(anonymous_16)
FN:305,(anonymous_17)
FN:313,(anonymous_18)
FN:324,(anonymous_19)
FN:335,(anonymous_20)
FN:341,(anonymous_21)
FN:349,(anonymous_22)
FN:360,(anonymous_23)
FN:366,(anonymous_24)
FN:375,(anonymous_25)
FN:390,(anonymous_26)
FN:401,(anonymous_27)
FN:412,(anonymous_28)
FN:426,(anonymous_29)
FN:438,(anonymous_30)
FN:446,(anonymous_31)
FN:453,(anonymous_32)
FN:466,(anonymous_33)
FN:516,(anonymous_34)
FN:542,(anonymous_35)
FN:573,(anonymous_36)
FN:604,(anonymous_37)
FN:615,(anonymous_38)
FN:620,(anonymous_39)
FN:629,(anonymous_40)
FN:637,(anonymous_41)
FN:641,(anonymous_42)
FN:652,(anonymous_43)
FN:659,(anonymous_44)
FN:666,(anonymous_45)
FN:679,(anonymous_46)
FN:686,(anonymous_47)
FN:691,(anonymous_48)
FN:700,(anonymous_49)
FN:708,(anonymous_50)
FN:714,(anonymous_51)
FN:732,(anonymous_52)
FN:749,(anonymous_53)
FN:760,(anonymous_54)
FN:771,(anonymous_55)
FN:776,(anonymous_56)
FN:801,(anonymous_57)
FN:813,(anonymous_58)
FN:822,(anonymous_59)
FN:837,(anonymous_60)
FN:851,(anonymous_61)
FN:934,(anonymous_62)
FN:965,(anonymous_63)
FN:1001,(anonymous_64)
FN:1009,(anonymous_65)
FN:1020,(anonymous_66)
FNF:67
FNH:65
FNDA:77,(anonymous_0)
FNDA:0,(anonymous_1)
FNDA:0,(anonymous_2)
FNDA:107,(anonymous_3)
FNDA:2,(anonymous_4)
FNDA:2,(anonymous_5)
FNDA:1,(anonymous_6)
FNDA:2,(anonymous_7)
FNDA:1,(anonymous_8)
FNDA:1,(anonymous_9)
FNDA:1,(anonymous_10)
FNDA:1,(anonymous_11)
FNDA:1,(anonymous_12)
FNDA:1,(anonymous_13)
FNDA:2,(anonymous_14)
FNDA:1,(anonymous_15)
FNDA:3,(anonymous_16)
FNDA:2,(anonymous_17)
FNDA:2,(anonymous_18)
FNDA:1,(anonymous_19)
FNDA:1,(anonymous_20)
FNDA:3,(anonymous_21)
FNDA:1,(anonymous_22)
FNDA:1,(anonymous_23)
FNDA:1,(anonymous_24)
FNDA:2,(anonymous_25)
FNDA:1,(anonymous_26)
FNDA:1,(anonymous_27)
FNDA:1,(anonymous_28)
FNDA:1,(anonymous_29)
FNDA:1,(anonymous_30)
FNDA:1,(anonymous_31)
FNDA:1,(anonymous_32)
FNDA:2,(anonymous_33)
FNDA:1,(anonymous_34)
FNDA:1,(anonymous_35)
FNDA:1,(anonymous_36)
FNDA:1,(anonymous_37)
FNDA:1,(anonymous_38)
FNDA:1,(anonymous_39)
FNDA:1,(anonymous_40)
FNDA:1,(anonymous_41)
FNDA:1,(anonymous_42)
FNDA:1,(anonymous_43)
FNDA:1,(anonymous_44)
FNDA:1,(anonymous_45)
FNDA:1,(anonymous_46)
FNDA:1,(anonymous_47)
FNDA:1,(anonymous_48)
FNDA:1,(anonymous_49)
FNDA:1,(anonymous_50)
FNDA:1,(anonymous_51)
FNDA:1,(anonymous_52)
FNDA:1,(anonymous_53)
FNDA:1,(anonymous_54)
FNDA:1,(anonymous_55)
FNDA:1,(anonymous_56)
FNDA:1,(anonymous_57)
FNDA:1,(anonymous_58)
FNDA:2,(anonymous_59)
FNDA:1,(anonymous_60)
FNDA:1,(anonymous_61)
FNDA:1,(anonymous_62)
FNDA:1,(anonymous_63)
FNDA:1,(anonymous_64)
FNDA:1,(anonymous_65)
FNDA:77,(anonymous_66)
DA:1,2
DA:7,77
DA:9,77
DA:14,77
DA:15,0
DA:18,77
DA:19,0
DA:24,107
DA:25,107
DA:26,107
DA:28,107
DA:33,2
DA:45,2
DA:55,2
DA:69,2
DA:84,2
DA:98,2
DA:109,2
DA:124,2
DA:136,2
DA:147,2
DA:159,2
DA:180,2
DA:189,2
DA:197,2
DA:210,2
DA:221,2
DA:227,2
DA:228,2
DA:232,1
DA:233,1
DA:237,2
DA:238,2
DA:244,2
DA:248,1
DA:249,1
DA:253,1
DA:257,1
DA:261,1
DA:267,1
DA:268,1
DA:272,1
DA:276,1
DA:282,2
DA:289,2
DA:293,1
DA:294,1
DA:295,1
DA:297,1
DA:301,3
DA:302,3
DA:306,2
DA:307,2
DA:308,1
DA:310,2
DA:314,2
DA:315,2
DA:321,2
DA:325,1
DA:326,1
DA:336,1
DA:342,3
DA:346,3
DA:350,1
DA:351,1
DA:357,1
DA:361,1
DA:367,1
DA:368,1
DA:372,1
DA:376,2
DA:377,2
DA:379,2
DA:380,1
DA:381,1
DA:385,1
DA:387,1
DA:391,1
DA:398,1
DA:402,1
DA:409,1
DA:413,1
DA:423,1
DA:427,1
DA:433,1
DA:439,1
DA:443,1
DA:447,1
DA:454,1
DA:461,1
DA:467,2
DA:482,2
DA:483,2
DA:485,2
DA:486,1
DA:487,1
DA:488,1
DA:491,2
DA:492,1
DA:493,1
DA:494,1
DA:497,2
DA:498,1
DA:499,1
DA:500,1
DA:503,2
DA:504,1
DA:505,1
DA:506,1
DA:509,2
DA:510,2
DA:512,2
DA:513,2
DA:517,1
DA:518,1
DA:520,1
DA:521,1
DA:522,1
DA:524,1
DA:525,1
DA:526,1
DA:529,1
DA:539,1
DA:543,1
DA:544,1
DA:546,1
DA:547,1
DA:548,1
DA:550,1
DA:551,1
DA:552,1
DA:555,1
DA:570,1
DA:574,1
DA:575,1
DA:577,1
DA:578,1
DA:579,1
DA:581,1
DA:582,1
DA:583,1
DA:586,1
DA:599,1
DA:605,1
DA:612,1
DA:616,1
DA:617,1
DA:621,1
DA:622,1
DA:626,1
DA:630,1
DA:631,1
DA:638,1
DA:642,1
DA:649,1
DA:653,1
DA:660,1
DA:667,1
DA:674,1
DA:680,1
DA:683,1
DA:687,1
DA:688,1
DA:692,1
DA:693,1
DA:697,1
DA:701,1
DA:702,1
DA:709,1
DA:715,1
DA:729,1
DA:733,1
DA:746,1
DA:750,1
DA:751,1
DA:757,1
DA:761,1
DA:762,1
DA:772,1
DA:777,1
DA:796,1
DA:802,1
DA:803,1
DA:808,1
DA:814,1
DA:815,1
DA:819,1
DA:823,2
DA:824,2
DA:826,2
DA:827,1
DA:828,1
DA:832,1
DA:834,1
DA:838,1
DA:845,1
DA:852,1
DA:853,1
DA:855,1
DA:856,1
DA:857,1
DA:859,1
DA:860,1
DA:861,1
DA:865,1
DA:879,1
DA:898,1
DA:912,1
DA:925,1
DA:935,1
DA:936,1
DA:938,1
DA:939,1
DA:940,1
DA:942,1
DA:943,1
DA:944,1
DA:947,1
DA:961,1
DA:966,1
DA:967,1
DA:969,1
DA:970,1
DA:971,1
DA:973,1
DA:974,1
DA:975,1
DA:978,1
DA:997,1
DA:1002,1
DA:1006,1
DA:1010,1
DA:1017,1
DA:1021,77
DA:1025,2
LF:235
LH:233
BRDA:11,0,0,1
BRDA:11,0,1,76
BRDA:237,1,0,1
BRDA:237,2,0,1
BRDA:307,3,0,1
BRDA:307,3,1,1
BRDA:319,4,0,2
BRDA:319,4,1,1
BRDA:319,5,0,2
BRDA:319,5,1,1
BRDA:319,6,0,2
BRDA:319,6,1,1
BRDA:355,7,0,1
BRDA:355,7,1,0
BRDA:355,8,0,1
BRDA:355,8,1,0
BRDA:375,9,0,1
BRDA:379,10,0,1
BRDA:379,10,1,1
BRDA:401,11,0,0
BRDA:412,12,0,0
BRDA:466,13,0,1
BRDA:485,14,0,1
BRDA:485,14,1,1
BRDA:491,15,0,1
BRDA:491,15,1,1
BRDA:497,16,0,1
BRDA:497,16,1,1
BRDA:503,17,0,1
BRDA:503,17,1,1
BRDA:520,18,0,1
BRDA:520,18,1,0
BRDA:524,19,0,1
BRDA:524,19,1,0
BRDA:546,20,0,1
BRDA:546,20,1,0
BRDA:550,21,0,1
BRDA:550,21,1,0
BRDA:577,22,0,1
BRDA:577,22,1,0
BRDA:581,23,0,1
BRDA:581,23,1,0
BRDA:624,24,0,1
BRDA:624,24,1,1
BRDA:755,25,0,1
BRDA:755,25,1,0
BRDA:755,26,0,1
BRDA:755,26,1,0
BRDA:755,27,0,1
BRDA:755,27,1,1
BRDA:755,28,0,1
BRDA:755,28,1,0
BRDA:755,29,0,1
BRDA:755,29,1,0
BRDA:755,30,0,1
BRDA:755,30,1,0
BRDA:755,31,0,1
BRDA:755,31,1,0
BRDA:755,32,0,1
BRDA:755,32,1,0
BRDA:767,33,0,1
BRDA:767,33,1,0
BRDA:801,34,0,0
BRDA:801,35,0,0
BRDA:826,36,0,1
BRDA:826,36,1,1
BRDA:855,37,0,1
BRDA:855,37,1,0
BRDA:859,38,0,1
BRDA:859,38,1,0
BRDA:938,39,0,1
BRDA:938,39,1,0
BRDA:942,40,0,1
BRDA:942,40,1,0
BRDA:969,41,0,1
BRDA:969,41,1,0
BRDA:973,42,0,1
BRDA:973,42,1,0
BRF:78
BRH:52
end_of_record
